<?xml version="1.0" encoding="UTF-8"?>
<testsuite name="FileCounterTestCase" tests="1" skipped="0" failures="0" errors="0" timestamp="2021-12-01T21:21:17" hostname="MBP-van-Jelle.localdomain" time="0.011">
  <properties/>
  <testcase name="countInFile" classname="FileCounterTestCase" time="0.011"/>
  <system-out><![CDATA[]]></system-out>
  <system-err><![CDATA[]]></system-err>
</testsuite>
