<?xml version="1.0" encoding="UTF-8"?>
<testsuite name="CounterTestCase" tests="2" skipped="0" failures="0" errors="0" timestamp="2021-12-01T21:21:17" hostname="MBP-van-Jelle.localdomain" time="0.022">
  <properties/>
  <testcase name="countTestCase" classname="CounterTestCase" time="0.021"/>
  <testcase name="slidingCountTestCase" classname="CounterTestCase" time="0.001"/>
  <system-out><![CDATA[]]></system-out>
  <system-err><![CDATA[]]></system-err>
</testsuite>
