<?xml version="1.0" encoding="UTF-8"?>
<testsuite name="CounterTestCase" tests="1" skipped="0" failures="0" errors="0" timestamp="2021-12-01T20:50:08" hostname="MBP-van-Jelle.localdomain" time="0.02">
  <properties/>
  <testcase name="countTestCase" classname="CounterTestCase" time="0.02"/>
  <system-out><![CDATA[]]></system-out>
  <system-err><![CDATA[]]></system-err>
</testsuite>
